c:\univer\proga\2sem\alg_1_53117\alg_1_53117\debug\alg_1_53117.pch
c:\univer\proga\2sem\alg_1_53117\alg_1_53117\debug\vc140.pdb
c:\univer\proga\2sem\alg_1_53117\alg_1_53117\debug\vc140.idb
c:\univer\proga\2sem\alg_1_53117\alg_1_53117\debug\stdafx.obj
c:\univer\proga\2sem\alg_1_53117\alg_1_53117\debug\alg_1_53117.obj
c:\univer\proga\2sem\alg_1_53117\alg_1_53117\debug\bubblesort.obj
c:\univer\proga\2sem\alg_1_53117\alg_1_53117\debug\qsort.obj
c:\univer\proga\2sem\alg_1_53117\alg_1_53117\debug\countsort.obj
c:\univer\proga\2sem\alg_1_53117\alg_1_53117\debug\shellsort.obj
c:\univer\proga\2sem\alg_1_53117\alg_1_53117\debug\insertsort.obj
c:\univer\proga\2sem\alg_1_53117\alg_1_53117\debug\selectionsort.obj
c:\univer\proga\2sem\alg_1_53117\debug\alg_1_53117.ilk
c:\univer\proga\2sem\alg_1_53117\debug\alg_1_53117.exe
c:\univer\proga\2sem\alg_1_53117\debug\alg_1_53117.pdb
c:\univer\proga\2sem\alg_1_53117\alg_1_53117\debug\alg_1_53117.tlog\cl.command.1.tlog
c:\univer\proga\2sem\alg_1_53117\alg_1_53117\debug\alg_1_53117.tlog\cl.read.1.tlog
c:\univer\proga\2sem\alg_1_53117\alg_1_53117\debug\alg_1_53117.tlog\cl.write.1.tlog
c:\univer\proga\2sem\alg_1_53117\alg_1_53117\debug\alg_1_53117.tlog\link.command.1.tlog
c:\univer\proga\2sem\alg_1_53117\alg_1_53117\debug\alg_1_53117.tlog\link.read.1.tlog
c:\univer\proga\2sem\alg_1_53117\alg_1_53117\debug\alg_1_53117.tlog\link.write.1.tlog
